2015-02-05 16:34:30 [INFO] [Multiverse-Core] - Version 2.4-b527 (API v14) Enabled - By Rigby, fernferret, lithium3141 and main--
2015-02-05 16:34:31 [INFO] [Multiverse-Core] Loading World & Settings - 'world' - Env: NORMAL - Type: NORMAL & seed: 5496762276956574977
2015-02-05 16:34:31 [INFO] [Multiverse-Core] Loading World & Settings - 'world_nether' - Env: NETHER - Type: NORMAL & seed: 5496762276956574977
2015-02-05 16:34:31 [WARNING] [Multiverse-Core] Spawn location from world.dat file was unsafe. Adjusting...
2015-02-05 16:34:31 [WARNING] [Multiverse-Core] Original Location: X: 0 Y: 64 Z: 0 P: 0 Y: 0 
2015-02-05 16:34:31 [INFO] [Multiverse-Core] New Spawn for 'world_nether' is Located at: world_nether:8,50,67,00,-7,50:0,00:0,00
2015-02-05 16:34:32 [INFO] [Multiverse-Core] Loading World & Settings - 'world_the_end' - Env: THE_END - Type: NORMAL & seed: 5496762276956574977
2015-02-05 16:34:32 [WARNING] [Multiverse-Core] Spawn location from world.dat file was unsafe. Adjusting...
2015-02-05 16:34:32 [WARNING] [Multiverse-Core] Original Location: X: 0 Y: 50 Z: 0 P: 0 Y: 0 
2015-02-05 16:34:32 [INFO] [Multiverse-Core] New Spawn for 'world_the_end' is Located at: world_the_end:0,00,64,00,0,00:0,00:0,00
2015-02-05 16:34:32 [INFO] [Multiverse-Core] Loading World & Settings - 'world' - Env: NORMAL - Type: NORMAL & seed: 5496762276956574977
2015-02-05 16:34:32 [INFO] [Multiverse-Core] Loading World & Settings - 'world_nether' - Env: NETHER - Type: NORMAL & seed: 5496762276956574977
2015-02-05 16:34:32 [INFO] [Multiverse-Core] Loading World & Settings - 'world_the_end' - Env: THE_END - Type: NORMAL & seed: 5496762276956574977
2015-02-05 16:34:32 [INFO] [Multiverse-Core] 3 - World(s) loaded.
2015-02-05 16:34:32 [WARNING] [Multiverse-Core] The world specified as the spawn world (easy) did not exist!!
2015-02-05 16:34:34 [WARNING] [Multiverse-Core] The world specified as the spawn world (easy) did not exist!!
2015-02-05 16:34:34 [WARNING] [Multiverse-Core] The world specified as the spawn world (easy) did not exist!!
2015-02-05 16:34:34 [WARNING] [Multiverse-Core] The world specified as the spawn world (easy) did not exist!!
2015-02-05 16:34:34 [WARNING] [Multiverse-Core] The world specified as the spawn world (easy) did not exist!!
2015-02-05 16:37:28 [INFO] [Multiverse-Core] Loading World & Settings - 'serwerHardcore' - Env: NORMAL - Type: FLAT
2015-02-05 18:41:52 [INFO] [Multiverse-Core] - Version 2.4-b527 (API v14) Enabled - By Rigby, fernferret, lithium3141 and main--
2015-02-05 18:41:52 [INFO] [Multiverse-Core] Loading World & Settings - 'world' - Env: NORMAL - Type: NORMAL & seed: 5496762276956574977
2015-02-05 18:41:57 [INFO] [Multiverse-Core] Loading World & Settings - 'world_nether' - Env: NETHER - Type: NORMAL & seed: 5496762276956574977
2015-02-05 18:42:15 [INFO] [Multiverse-Core] Loading World & Settings - 'world_the_end' - Env: THE_END - Type: NORMAL & seed: 5496762276956574977
2015-02-05 18:42:16 [INFO] [Multiverse-Core] Loading World & Settings - 'serwerHardcore' - Env: NORMAL - Type: FLAT & seed: -5378003233218214292
2015-02-05 18:42:17 [INFO] [Multiverse-Core] 4 - World(s) loaded.
2015-02-05 18:43:37 [INFO] [Multiverse-Core] - Version 2.4-b527 (API v14) Enabled - By Rigby, fernferret, lithium3141 and main--
2015-02-05 18:43:38 [INFO] [Multiverse-Core] Loading World & Settings - 'world' - Env: NORMAL - Type: NORMAL & seed: 5496762276956574977
2015-02-05 18:43:39 [INFO] [Multiverse-Core] Loading World & Settings - 'world_nether' - Env: NETHER - Type: NORMAL & seed: 5496762276956574977
2015-02-05 18:43:39 [INFO] [Multiverse-Core] Loading World & Settings - 'world_the_end' - Env: THE_END - Type: NORMAL & seed: 5496762276956574977
2015-02-05 18:43:39 [INFO] [Multiverse-Core] Loading World & Settings - 'serwerHardcore' - Env: NORMAL - Type: FLAT & seed: -5378003233218214292
2015-02-05 18:43:39 [INFO] [Multiverse-Core] 4 - World(s) loaded.
2015-02-05 18:47:19 [INFO] [Multiverse-Core] - Version 2.4-b527 (API v14) Enabled - By Rigby, fernferret, lithium3141 and main--
2015-02-05 18:47:19 [INFO] [Multiverse-Core] Loading World & Settings - 'world' - Env: NORMAL - Type: NORMAL & seed: 5496762276956574977
2015-02-05 18:47:22 [INFO] [Multiverse-Core] Loading World & Settings - 'world_nether' - Env: NETHER - Type: NORMAL & seed: 5496762276956574977
2015-02-05 18:47:27 [INFO] [Multiverse-Core] Loading World & Settings - 'world_the_end' - Env: THE_END - Type: NORMAL & seed: 5496762276956574977
2015-02-05 18:47:28 [INFO] [Multiverse-Core] Loading World & Settings - 'serwerHardcore' - Env: NORMAL - Type: FLAT & seed: -5378003233218214292
2015-02-05 18:47:28 [INFO] [Multiverse-Core] 4 - World(s) loaded.
2015-02-05 18:51:08 [INFO] [Multiverse-Core] - Version 2.4-b527 (API v14) Enabled - By Rigby, fernferret, lithium3141 and main--
2015-02-05 18:51:08 [INFO] [Multiverse-Core] Loading World & Settings - 'world' - Env: NORMAL - Type: NORMAL & seed: 5496762276956574977
2015-02-05 18:51:08 [INFO] [Multiverse-Core] Loading World & Settings - 'world_nether' - Env: NETHER - Type: NORMAL & seed: 5496762276956574977
2015-02-05 18:51:08 [INFO] [Multiverse-Core] Loading World & Settings - 'world_the_end' - Env: THE_END - Type: NORMAL & seed: 5496762276956574977
2015-02-05 18:51:08 [INFO] [Multiverse-Core] Loading World & Settings - 'serwerHardcore' - Env: NORMAL - Type: FLAT & seed: -5378003233218214292
2015-02-05 18:51:09 [INFO] [Multiverse-Core] 4 - World(s) loaded.
2015-02-06 14:45:51 [INFO] [Multiverse-Core] - Version 2.4-b527 (API v14) Enabled - By Rigby, fernferret, lithium3141 and main--
2015-02-06 14:45:52 [INFO] [Multiverse-Core] Loading World & Settings - 'world' - Env: NORMAL - Type: NORMAL & seed: 5496762276956574977
2015-02-06 14:45:52 [INFO] [Multiverse-Core] Loading World & Settings - 'world_nether' - Env: NETHER - Type: NORMAL & seed: 5496762276956574977
2015-02-06 14:45:52 [INFO] [Multiverse-Core] Loading World & Settings - 'world_the_end' - Env: THE_END - Type: NORMAL & seed: 5496762276956574977
2015-02-06 14:45:52 [INFO] [Multiverse-Core] Loading World & Settings - 'serwerHardcore' - Env: NORMAL - Type: FLAT & seed: -5378003233218214292
2015-02-06 14:45:54 [INFO] [Multiverse-Core] 4 - World(s) loaded.
2015-02-06 14:54:48 [INFO] [Multiverse-Core] Loading World & Settings - 'spawnHardcore2' - Env: NORMAL - Type: FLAT
2015-02-06 14:55:12 [INFO] [Multiverse-Core] - Version 2.4-b527 (API v14) Enabled - By Rigby, fernferret, lithium3141 and main--
2015-02-06 14:55:12 [INFO] [Multiverse-Core] Loading World & Settings - 'world' - Env: NORMAL - Type: NORMAL & seed: 5496762276956574977
2015-02-06 14:55:20 [INFO] [Multiverse-Core] Loading World & Settings - 'world_nether' - Env: NETHER - Type: NORMAL & seed: 5496762276956574977
2015-02-06 14:55:22 [INFO] [Multiverse-Core] Loading World & Settings - 'world_the_end' - Env: THE_END - Type: NORMAL & seed: 5496762276956574977
2015-02-06 14:55:23 [INFO] [Multiverse-Core] Loading World & Settings - 'serwerHardcore' - Env: NORMAL - Type: FLAT & seed: -5378003233218214292
2015-02-06 14:55:25 [INFO] [Multiverse-Core] Loading World & Settings - 'spawnHardcore2' - Env: NORMAL - Type: FLAT & seed: -5940016912828116669
2015-02-06 14:55:25 [INFO] [Multiverse-Core] 5 - World(s) loaded.
2015-02-07 10:59:35 [INFO] [Multiverse-Core] - Version 2.4-b527 (API v14) Enabled - By Rigby, fernferret, lithium3141 and main--
2015-02-07 10:59:37 [INFO] [Multiverse-Core] Loading World & Settings - 'world' - Env: NORMAL - Type: NORMAL & seed: 5496762276956574977
2015-02-07 10:59:37 [INFO] [Multiverse-Core] Loading World & Settings - 'world_nether' - Env: NETHER - Type: NORMAL & seed: 5496762276956574977
2015-02-07 10:59:37 [INFO] [Multiverse-Core] Loading World & Settings - 'world_the_end' - Env: THE_END - Type: NORMAL & seed: 5496762276956574977
2015-02-07 10:59:37 [INFO] [Multiverse-Core] Loading World & Settings - 'serwerHardcore' - Env: NORMAL - Type: FLAT & seed: -5378003233218214292
2015-02-07 10:59:43 [INFO] [Multiverse-Core] Loading World & Settings - 'spawnHardcore2' - Env: NORMAL - Type: FLAT & seed: -5940016912828116669
2015-02-07 10:59:48 [INFO] [Multiverse-Core] 5 - World(s) loaded.
2015-02-07 11:13:04 [INFO] [Multiverse-Core] - Version 2.4-b527 (API v14) Enabled - By Rigby, fernferret, lithium3141 and main--
2015-02-07 11:13:04 [INFO] [Multiverse-Core] Loading World & Settings - 'world' - Env: NORMAL - Type: NORMAL & seed: 5496762276956574977
2015-02-07 11:13:04 [INFO] [Multiverse-Core] Loading World & Settings - 'world_nether' - Env: NETHER - Type: NORMAL & seed: 5496762276956574977
2015-02-07 11:13:04 [INFO] [Multiverse-Core] Loading World & Settings - 'world_the_end' - Env: THE_END - Type: NORMAL & seed: 5496762276956574977
2015-02-07 11:13:04 [INFO] [Multiverse-Core] Loading World & Settings - 'serwerHardcore' - Env: NORMAL - Type: FLAT & seed: -5378003233218214292
2015-02-07 11:13:08 [INFO] [Multiverse-Core] Loading World & Settings - 'spawnHardcore2' - Env: NORMAL - Type: FLAT & seed: -5940016912828116669
2015-02-07 11:13:10 [INFO] [Multiverse-Core] 5 - World(s) loaded.
2015-02-07 11:22:08 [INFO] [Multiverse-Core] Loading World & Settings - 'world1' - Env: NORMAL - Type: NORMAL & seed: 1782653518
2015-02-07 11:22:30 [WARNING] [Multiverse-Core] Spawn location from world.dat file was unsafe. Adjusting...
2015-02-07 11:22:30 [WARNING] [Multiverse-Core] Original Location: X: -12 Y: 64 Z: 252 P: 0 Y: 0 
2015-02-07 11:22:30 [INFO] [Multiverse-Core] New Spawn for 'world1' is Located at: world1:-6,50,65,00,247,50:0,00:0,00
2015-02-07 14:22:38 [INFO] [Multiverse-Core] - Version 2.4-b527 (API v14) Enabled - By Rigby, fernferret, lithium3141 and main--
2015-02-07 14:22:38 [INFO] [Multiverse-Core] Loading World & Settings - 'world' - Env: NORMAL - Type: NORMAL & seed: 5496762276956574977
2015-02-07 14:22:38 [INFO] [Multiverse-Core] Loading World & Settings - 'world_nether' - Env: NETHER - Type: NORMAL & seed: 5496762276956574977
2015-02-07 14:22:38 [INFO] [Multiverse-Core] Loading World & Settings - 'world_the_end' - Env: THE_END - Type: NORMAL & seed: 5496762276956574977
2015-02-07 14:22:38 [INFO] [Multiverse-Core] Loading World & Settings - 'serwerHardcore' - Env: NORMAL - Type: FLAT & seed: -5378003233218214292
2015-02-07 14:22:41 [INFO] [Multiverse-Core] Loading World & Settings - 'spawnHardcore2' - Env: NORMAL - Type: FLAT & seed: -5940016912828116669
2015-02-07 14:22:42 [INFO] [Multiverse-Core] Loading World & Settings - 'world1' - Env: NORMAL - Type: NORMAL & seed: 1782653518
2015-02-07 14:22:44 [INFO] [Multiverse-Core] 6 - World(s) loaded.
2015-02-07 15:30:51 [INFO] [Multiverse-Core] - Version 2.4-b527 (API v14) Enabled - By Rigby, fernferret, lithium3141 and main--
2015-02-07 15:30:51 [INFO] [Multiverse-Core] Loading World & Settings - 'world' - Env: NORMAL - Type: NORMAL & seed: 5496762276956574977
2015-02-07 15:30:53 [INFO] [Multiverse-Core] Loading World & Settings - 'world_nether' - Env: NETHER - Type: NORMAL & seed: 5496762276956574977
2015-02-07 15:30:58 [INFO] [Multiverse-Core] Loading World & Settings - 'world_the_end' - Env: THE_END - Type: NORMAL & seed: 5496762276956574977
2015-02-07 15:31:01 [INFO] [Multiverse-Core] Loading World & Settings - 'serwerHardcore' - Env: NORMAL - Type: FLAT & seed: -5378003233218214292
2015-02-07 15:31:03 [INFO] [Multiverse-Core] Loading World & Settings - 'spawnHardcore2' - Env: NORMAL - Type: FLAT & seed: -5940016912828116669
2015-02-07 15:31:05 [INFO] [Multiverse-Core] Loading World & Settings - 'world1' - Env: NORMAL - Type: NORMAL & seed: 1782653518
2015-02-07 15:31:07 [INFO] [Multiverse-Core] 6 - World(s) loaded.
2015-02-08 09:03:02 [INFO] [Multiverse-Core] - Version 2.4-b527 (API v14) Enabled - By Rigby, fernferret, lithium3141 and main--
2015-02-08 09:03:03 [INFO] [Multiverse-Core] Loading World & Settings - 'world1_nether' - Env: NETHER - Type: NORMAL & seed: -6407693524126209615
2015-02-08 09:03:03 [WARNING] [Multiverse-Core] Spawn location from world.dat file was unsafe. Adjusting...
2015-02-08 09:03:03 [WARNING] [Multiverse-Core] Original Location: X: 0 Y: 64 Z: 0 P: 0 Y: 0 
2015-02-08 09:03:03 [INFO] [Multiverse-Core] New Spawn for 'world1_nether' is Located at: world1_nether:-5,50,66,00,7,50:0,00:0,00
2015-02-08 09:03:05 [INFO] [Multiverse-Core] Loading World & Settings - 'world1_the_end' - Env: THE_END - Type: NORMAL & seed: -6407693524126209615
2015-02-08 09:03:05 [WARNING] [Multiverse-Core] Spawn location from world.dat file was unsafe. Adjusting...
2015-02-08 09:03:05 [WARNING] [Multiverse-Core] Original Location: X: 0 Y: 50 Z: 0 P: 0 Y: 0 
2015-02-08 09:03:05 [INFO] [Multiverse-Core] New Spawn for 'world1_the_end' is Located at: world1_the_end:0,00,63,00,0,00:0,00:0,00
2015-02-08 09:03:05 [INFO] [Multiverse-Core] Loading World & Settings - 'world' - Env: NORMAL - Type: NORMAL & seed: 5496762276956574977
2015-02-08 09:03:26 [INFO] [Multiverse-Core] Loading World & Settings - 'world_nether' - Env: NETHER - Type: NORMAL & seed: 5496762276956574977
2015-02-08 09:03:38 [WARNING] [Multiverse-Core] Spawn location from world.dat file was unsafe. Adjusting...
2015-02-08 09:03:38 [WARNING] [Multiverse-Core] Original Location: X: 0 Y: 64 Z: 0 P: 0 Y: 0 
2015-02-08 09:03:38 [INFO] [Multiverse-Core] New Spawn for 'world_nether' is Located at: world_nether:0,00,112,00,0,00:0,00:0,00
2015-02-08 09:03:40 [INFO] [Multiverse-Core] Loading World & Settings - 'world_the_end' - Env: THE_END - Type: NORMAL & seed: 5496762276956574977
2015-02-08 09:03:44 [WARNING] [Multiverse-Core] Spawn location from world.dat file was unsafe. Adjusting...
2015-02-08 09:03:44 [WARNING] [Multiverse-Core] Original Location: X: 0 Y: 50 Z: 0 P: 0 Y: 0 
2015-02-08 09:03:44 [INFO] [Multiverse-Core] New Spawn for 'world_the_end' is Located at: world_the_end:0,00,61,00,0,00:0,00:0,00
2015-02-08 09:03:45 [INFO] [Multiverse-Core] Loading World & Settings - 'serwerHardcore' - Env: NORMAL - Type: FLAT & seed: -5378003233218214292
2015-02-08 09:03:48 [INFO] [Multiverse-Core] Loading World & Settings - 'spawnHardcore2' - Env: NORMAL - Type: FLAT & seed: -5940016912828116669
2015-02-08 09:03:49 [INFO] [Multiverse-Core] Loading World & Settings - 'world1' - Env: NORMAL - Type: NORMAL & seed: 1782653518
2015-02-08 09:03:49 [INFO] [Multiverse-Core] Loading World & Settings - 'world1_nether' - Env: NETHER - Type: NORMAL & seed: -6407693524126209615
2015-02-08 09:03:49 [INFO] [Multiverse-Core] Loading World & Settings - 'world1_the_end' - Env: THE_END - Type: NORMAL & seed: -6407693524126209615
2015-02-08 09:03:49 [INFO] [Multiverse-Core] 8 - World(s) loaded.
2015-02-08 11:49:06 [INFO] [Multiverse-Core] - Version 2.4-b527 (API v14) Enabled - By Rigby, fernferret, lithium3141 and main--
2015-02-08 11:49:07 [INFO] [Multiverse-Core] Loading World & Settings - 'serwerHardcore' - Env: NORMAL - Type: FLAT & seed: -5378003233218214292
2015-02-08 11:49:10 [INFO] [Multiverse-Core] Loading World & Settings - 'spawnHardcore2' - Env: NORMAL - Type: FLAT & seed: -5940016912828116669
2015-02-08 11:49:14 [INFO] [Multiverse-Core] Loading World & Settings - 'world1' - Env: NORMAL - Type: NORMAL & seed: 1782653518
2015-02-08 11:49:14 [WARNING] [Multiverse-Core] Spawn location from world.dat file was unsafe. Adjusting...
2015-02-08 11:49:14 [WARNING] [Multiverse-Core] Original Location: X: -7 Y: 65 Z: 247 P: 0 Y: 0 
2015-02-08 11:49:14 [INFO] [Multiverse-Core] New Spawn for 'world1' is Located at: world1:-3,50,65,00,247,50:0,00:0,00
2015-02-08 11:49:14 [INFO] [Multiverse-Core] Loading World & Settings - 'world1_nether' - Env: NETHER - Type: NORMAL & seed: -6407693524126209615
2015-02-08 11:49:14 [WARNING] [Multiverse-Core] Spawn location from world.dat file was unsafe. Adjusting...
2015-02-08 11:49:14 [WARNING] [Multiverse-Core] Original Location: X: -6 Y: 66 Z: 7 P: 0 Y: 0 
2015-02-08 11:49:14 [INFO] [Multiverse-Core] New Spawn for 'world1_nether' is Located at: world1_nether:-4,50,66,00,8,50:0,00:0,00
2015-02-08 11:49:14 [INFO] [Multiverse-Core] Loading World & Settings - 'world1_the_end' - Env: THE_END - Type: NORMAL & seed: -6407693524126209615
2015-02-08 11:49:14 [INFO] [Multiverse-Core] 5 - World(s) loaded.
2015-02-08 11:49:14 [WARNING] [Multiverse-Core] The world specified as the spawn world (world) did not exist!!
2015-02-08 11:53:46 [WARNING] [Multiverse-Core] The world specified as the spawn world (world) did not exist!!
2015-02-08 11:53:46 [WARNING] [Multiverse-Core] The world specified as the spawn world (world) did not exist!!
